2025-02-19 01:57:47.291 [main] INFO  Net.NetRun.main - 啟動遊戲版本:TMS-268..
2025-02-19 01:57:47.541 [main] INFO  connection.netty.ChannelHandler.initHandlers - Initialized 42 handlers in 201ms.
2025-02-19 01:57:47.812 [main] INFO  Net.NetRun.main - OutHeader包頭反射已啟動，等待連接中。
2025-02-19 01:57:47.812 [main] INFO  Net.NetRun.main - InHeader包頭反射已啟動，等待連接中。
2025-02-19 01:57:48.055 [ForkJoinPool-1-worker-1] WARN  c.alibaba.druid.pool.DruidDataSource.initCheck - removeAbandoned is true, not use in production.
2025-02-19 01:57:48.130 [ForkJoinPool-1-worker-1] INFO  c.alibaba.druid.pool.DruidDataSource.init - {dataSource-1} inited
2025-02-19 01:57:48.177 [ForkJoinPool-2-worker-15] INFO  Net.NetRun.lambda$main$0 - [初始化伺服器] 已加載 8 / 23
2025-02-19 01:57:48.177 [ForkJoinPool-2-worker-22] INFO  Net.NetRun.lambda$main$0 - [初始化伺服器] 已加載 9 / 23
2025-02-19 01:57:48.180 [ForkJoinPool-2-worker-17] INFO  Net.NetRun.lambda$main$0 - [初始化伺服器] 已加載 11 / 23
2025-02-19 01:57:48.180 [ForkJoinPool-2-worker-1] INFO  Net.NetRun.lambda$main$0 - [初始化伺服器] 已加載 2 / 23
2025-02-19 01:57:48.180 [ForkJoinPool-2-worker-14] INFO  Net.NetRun.lambda$main$0 - [初始化伺服器] 已加載 10 / 23
2025-02-19 01:57:48.181 [ForkJoinPool-2-worker-7] INFO  Net.NetRun.lambda$main$0 - [初始化伺服器] 已加載 5 / 23
2025-02-19 01:57:48.173 [ForkJoinPool-2-worker-6] ERROR Net.server.InitializeServer.lambda$initAllData$6 - [TASK] MapleForceFactory.initialize() error:
java.lang.RuntimeException: 檔案不存在C:\Program Files\Gamania\MapleStory127\Data\Effect.nx
	at Plugin.provider.MapleDataProviderFactory.getWZ(MapleDataProviderFactory.java:50)
	at Plugin.provider.MapleDataProviderFactory.getEffect(MapleDataProviderFactory.java:93)
	at Client.force.MapleForceFactory.initialize(MapleForceFactory.java:45)
	at Net.server.InitializeServer.lambda$initAllData$6(InitializeServer.java:255)
	at java.base/java.util.concurrent.CompletableFuture$AsyncRun.run(CompletableFuture.java:1804)
	at java.base/java.util.concurrent.CompletableFuture$AsyncRun.exec(CompletableFuture.java:1796)
	at java.base/java.util.concurrent.ForkJoinTask.doExec(ForkJoinTask.java:387)
	at java.base/java.util.concurrent.ForkJoinPool$WorkQueue.topLevelExec(ForkJoinPool.java:1312)
	at java.base/java.util.concurrent.ForkJoinPool.scan(ForkJoinPool.java:1843)
	at java.base/java.util.concurrent.ForkJoinPool.runWorker(ForkJoinPool.java:1808)
	at java.base/java.util.concurrent.ForkJoinWorkerThread.run(ForkJoinWorkerThread.java:188)
2025-02-19 01:57:48.182 [ForkJoinPool-2-worker-5] INFO  Net.NetRun.lambda$main$0 - [初始化伺服器] 已加載 7 / 23
2025-02-19 01:57:48.183 [ForkJoinPool-2-worker-6] INFO  Net.NetRun.lambda$main$0 - [初始化伺服器] 已加載 12 / 23
2025-02-19 01:57:48.183 [ForkJoinPool-2-worker-10] ERROR Net.server.InitializeServer.lambda$initAllData$10 - [TASK] MapleUnionData.init() error:
java.lang.RuntimeException: 檔案不存在C:\Program Files\Gamania\MapleStory127\Data\Etc.nx
	at Plugin.provider.MapleDataProviderFactory.getWZ(MapleDataProviderFactory.java:50)
	at Plugin.provider.MapleDataProviderFactory.getEtc(MapleDataProviderFactory.java:113)
	at Net.server.MapleUnionData.init(MapleUnionData.java:91)
	at Net.server.InitializeServer.lambda$initAllData$10(InitializeServer.java:299)
	at java.base/java.util.concurrent.CompletableFuture$AsyncRun.run(CompletableFuture.java:1804)
	at java.base/java.util.concurrent.CompletableFuture$AsyncRun.exec(CompletableFuture.java:1796)
	at java.base/java.util.concurrent.ForkJoinTask.doExec(ForkJoinTask.java:387)
	at java.base/java.util.concurrent.ForkJoinPool$WorkQueue.topLevelExec(ForkJoinPool.java:1312)
	at java.base/java.util.concurrent.ForkJoinPool.scan(ForkJoinPool.java:1843)
	at java.base/java.util.concurrent.ForkJoinPool.runWorker(ForkJoinPool.java:1808)
	at java.base/java.util.concurrent.ForkJoinWorkerThread.run(ForkJoinWorkerThread.java:188)
2025-02-19 01:57:48.183 [ForkJoinPool-2-worker-10] INFO  Net.NetRun.lambda$main$0 - [初始化伺服器] 已加載 13 / 23
2025-02-19 01:57:48.188 [ForkJoinPool-2-worker-4] INFO  Net.NetRun.lambda$main$0 - [初始化伺服器] 已加載 4 / 23
2025-02-19 01:57:48.189 [ForkJoinPool-2-worker-20] ERROR Net.server.InitializeServer.lambda$initAllData$20 - [TASK] BossLucidField.init() error:
java.lang.RuntimeException: 檔案不存在C:\Program Files\Gamania\MapleStory127\Data\Etc.nx
	at Plugin.provider.MapleDataProviderFactory.getWZ(MapleDataProviderFactory.java:50)
	at Plugin.provider.MapleDataProviderFactory.getEtc(MapleDataProviderFactory.java:113)
	at Net.server.maps.field.BossLucidField.init(BossLucidField.java:27)
	at Net.server.InitializeServer.lambda$initAllData$20(InitializeServer.java:409)
	at java.base/java.util.concurrent.CompletableFuture$AsyncRun.run(CompletableFuture.java:1804)
	at java.base/java.util.concurrent.CompletableFuture$AsyncRun.exec(CompletableFuture.java:1796)
	at java.base/java.util.concurrent.ForkJoinTask.doExec(ForkJoinTask.java:387)
	at java.base/java.util.concurrent.ForkJoinPool$WorkQueue.topLevelExec(ForkJoinPool.java:1312)
	at java.base/java.util.concurrent.ForkJoinPool.scan(ForkJoinPool.java:1843)
	at java.base/java.util.concurrent.ForkJoinPool.runWorker(ForkJoinPool.java:1808)
	at java.base/java.util.concurrent.ForkJoinWorkerThread.run(ForkJoinWorkerThread.java:188)
2025-02-19 01:57:48.189 [ForkJoinPool-2-worker-21] ERROR Net.server.InitializeServer.lambda$initAllData$21 - [TASK] ActionBarField.init() error:
java.lang.RuntimeException: 檔案不存在C:\Program Files\Gamania\MapleStory127\Data\Etc.nx
	at Plugin.provider.MapleDataProviderFactory.getWZ(MapleDataProviderFactory.java:50)
	at Plugin.provider.MapleDataProviderFactory.getEtc(MapleDataProviderFactory.java:113)
	at Net.server.maps.field.ActionBarField.init(ActionBarField.java:18)
	at Net.server.InitializeServer.lambda$initAllData$21(InitializeServer.java:420)
	at java.base/java.util.concurrent.CompletableFuture$AsyncRun.run(CompletableFuture.java:1804)
	at java.base/java.util.concurrent.CompletableFuture$AsyncRun.exec(CompletableFuture.java:1796)
	at java.base/java.util.concurrent.ForkJoinTask.doExec(ForkJoinTask.java:387)
	at java.base/java.util.concurrent.ForkJoinPool$WorkQueue.topLevelExec(ForkJoinPool.java:1312)
	at java.base/java.util.concurrent.ForkJoinPool.scan(ForkJoinPool.java:1843)
	at java.base/java.util.concurrent.ForkJoinPool.runWorker(ForkJoinPool.java:1808)
	at java.base/java.util.concurrent.ForkJoinWorkerThread.run(ForkJoinWorkerThread.java:188)
2025-02-19 01:57:48.189 [ForkJoinPool-2-worker-19] ERROR Net.server.InitializeServer.lambda$initAllData$19 - [TASK] BossWillField.init() error:
java.lang.RuntimeException: 檔案不存在C:\Program Files\Gamania\MapleStory127\Data\Etc.nx
	at Plugin.provider.MapleDataProviderFactory.getWZ(MapleDataProviderFactory.java:50)
	at Plugin.provider.MapleDataProviderFactory.getEtc(MapleDataProviderFactory.java:113)
	at Net.server.maps.field.BossWillField.init(BossWillField.java:33)
	at Net.server.InitializeServer.lambda$initAllData$19(InitializeServer.java:398)
	at java.base/java.util.concurrent.CompletableFuture$AsyncRun.run(CompletableFuture.java:1804)
	at java.base/java.util.concurrent.CompletableFuture$AsyncRun.exec(CompletableFuture.java:1796)
	at java.base/java.util.concurrent.ForkJoinTask.doExec(ForkJoinTask.java:387)
	at java.base/java.util.concurrent.ForkJoinPool$WorkQueue.topLevelExec(ForkJoinPool.java:1312)
	at java.base/java.util.concurrent.ForkJoinPool.scan(ForkJoinPool.java:1843)
	at java.base/java.util.concurrent.ForkJoinPool.runWorker(ForkJoinPool.java:1808)
	at java.base/java.util.concurrent.ForkJoinWorkerThread.run(ForkJoinWorkerThread.java:188)
2025-02-19 01:57:48.190 [ForkJoinPool-2-worker-21] INFO  Net.NetRun.lambda$main$0 - [初始化伺服器] 已加載 15 / 23
2025-02-19 01:57:48.190 [ForkJoinPool-2-worker-20] INFO  Net.NetRun.lambda$main$0 - [初始化伺服器] 已加載 14 / 23
2025-02-19 01:57:48.190 [ForkJoinPool-2-worker-19] INFO  Net.NetRun.lambda$main$0 - [初始化伺服器] 已加載 16 / 23
2025-02-19 01:57:48.193 [ForkJoinPool-2-worker-3] INFO  Net.NetRun.lambda$main$0 - [初始化伺服器] 已加載 6 / 23
2025-02-19 01:57:48.197 [ForkJoinPool-2-worker-8] INFO  Net.NetRun.lambda$main$0 - [初始化伺服器] 已加載 3 / 23
2025-02-19 01:57:48.380 [ForkJoinPool-2-worker-12] INFO  Net.NetRun.lambda$main$0 - [初始化伺服器] 已加載 18 / 23
2025-02-19 01:57:48.380 [ForkJoinPool-2-worker-11] INFO  Net.NetRun.lambda$main$0 - [初始化伺服器] 已加載 17 / 23
2025-02-19 01:57:48.380 [ForkJoinPool-2-worker-13] INFO  Net.NetRun.lambda$main$0 - [初始化伺服器] 已加載 1 / 23
2025-02-19 01:57:48.395 [ForkJoinPool-2-worker-16] INFO  Net.NetRun.lambda$main$0 - [初始化伺服器] 已加載 19 / 23
2025-02-19 01:57:48.532 [ForkJoinPool.commonPool-worker-3] INFO  Server.cashshop.CashShopServer.run_startup_configurations - [CASH SHOP] Start CashShopServer。
2025-02-19 01:57:48.709 [ForkJoinPool-2-worker-18] INFO  Net.NetRun.lambda$main$0 - [初始化伺服器] 已加載 20 / 23
2025-02-19 01:57:48.725 [ForkJoinPool-2-worker-9] INFO  Net.NetRun.lambda$main$0 - [初始化伺服器] 已加載 21 / 23
2025-02-19 01:57:48.743 [ForkJoinPool-2-worker-2] INFO  Plugin.provider.loaders.StringData.loadItemStrings - Loaded item strings from data file in 589ms.
2025-02-19 01:57:48.862 [ForkJoinPool-2-worker-2] INFO  Plugin.provider.loaders.StringData.loadSkillStrings - Loaded skill strings from data file in 118ms.
2025-02-19 01:57:48.908 [ForkJoinPool-2-worker-2] INFO  Plugin.provider.loaders.StringData.loadMobStrings - Loaded mob strings from data file in 46ms.
2025-02-19 01:57:48.963 [ForkJoinPool-2-worker-2] INFO  Plugin.provider.loaders.StringData.loadNpcStrings - Loaded npc strings from data file in 55ms.
2025-02-19 01:57:49.008 [ForkJoinPool-2-worker-23] INFO  Net.NetRun.lambda$main$0 - [初始化伺服器] 已加載 22 / 23
2025-02-19 01:57:49.031 [ForkJoinPool-2-worker-2] INFO  Plugin.provider.loaders.StringData.loadMapStrings - Loaded item strings from data file in 68ms.
2025-02-19 01:57:49.031 [ForkJoinPool-2-worker-2] INFO  Net.NetRun.lambda$main$0 - [初始化伺服器] 已加載 23 / 23
2025-02-19 01:57:49.031 [ForkJoinPool-2-worker-2] INFO  Net.NetRun.lambda$main$0 - [初始化伺服器] initAllData() 所有任務已完成。
2025-02-19 01:57:49.032 [ForkJoinPool-2-worker-2] ERROR Net.server.InitializeServer.lambda$initAllData$24 - One or more tasks completed exceptionally: 
java.util.concurrent.CompletionException: java.lang.ExceptionInInitializerError
	at java.base/java.util.concurrent.CompletableFuture.encodeThrowable(CompletableFuture.java:315)
	at java.base/java.util.concurrent.CompletableFuture.completeThrowable(CompletableFuture.java:320)
	at java.base/java.util.concurrent.CompletableFuture$AsyncRun.run(CompletableFuture.java:1807)
	at java.base/java.util.concurrent.CompletableFuture$AsyncRun.exec(CompletableFuture.java:1796)
	at java.base/java.util.concurrent.ForkJoinTask.doExec(ForkJoinTask.java:387)
	at java.base/java.util.concurrent.ForkJoinPool$WorkQueue.topLevelExec(ForkJoinPool.java:1312)
	at java.base/java.util.concurrent.ForkJoinPool.scan(ForkJoinPool.java:1843)
	at java.base/java.util.concurrent.ForkJoinPool.runWorker(ForkJoinPool.java:1808)
	at java.base/java.util.concurrent.ForkJoinWorkerThread.run(ForkJoinWorkerThread.java:188)
Caused by: java.lang.ExceptionInInitializerError: null
	at Net.server.InitializeServer.lambda$initAllData$1(InitializeServer.java:200)
	at java.base/java.util.concurrent.CompletableFuture$AsyncRun.run(CompletableFuture.java:1804)
	... 6 common frames omitted
Caused by: java.lang.RuntimeException: 檔案不存在C:\Program Files\Gamania\MapleStory127\Data\Character.nx
	at Plugin.provider.MapleDataProviderFactory.getWZ(MapleDataProviderFactory.java:50)
	at Plugin.provider.MapleDataProviderFactory.getCharacter(MapleDataProviderFactory.java:101)
	at Net.server.MapleItemInformationProvider.<init>(MapleItemInformationProvider.java:36)
	at Net.server.MapleItemInformationProvider.<clinit>(MapleItemInformationProvider.java:35)
	... 8 common frames omitted
2025-02-19 01:58:06.849 [main] INFO  Net.NetRun.main - 啟動遊戲版本:TMS-268..
2025-02-19 01:58:06.933 [main] INFO  connection.netty.ChannelHandler.initHandlers - Initialized 42 handlers in 76ms.
2025-02-19 01:58:07.186 [main] INFO  Net.NetRun.main - OutHeader包頭反射已啟動，等待連接中。
2025-02-19 01:58:07.186 [main] INFO  Net.NetRun.main - InHeader包頭反射已啟動，等待連接中。
2025-02-19 01:58:07.399 [ForkJoinPool-1-worker-2] WARN  c.alibaba.druid.pool.DruidDataSource.initCheck - removeAbandoned is true, not use in production.
2025-02-19 01:58:07.461 [ForkJoinPool-1-worker-2] INFO  c.alibaba.druid.pool.DruidDataSource.init - {dataSource-1} inited
2025-02-19 01:58:07.502 [ForkJoinPool-2-worker-6] ERROR Net.server.InitializeServer.lambda$initAllData$6 - [TASK] MapleForceFactory.initialize() error:
java.lang.RuntimeException: 檔案不存在C:\Program Files\Gamania\MapleStory127\Data\Effect.nx
	at Plugin.provider.MapleDataProviderFactory.getWZ(MapleDataProviderFactory.java:50)
	at Plugin.provider.MapleDataProviderFactory.getEffect(MapleDataProviderFactory.java:93)
	at Client.force.MapleForceFactory.initialize(MapleForceFactory.java:45)
	at Net.server.InitializeServer.lambda$initAllData$6(InitializeServer.java:255)
	at java.base/java.util.concurrent.CompletableFuture$AsyncRun.run$$$capture(CompletableFuture.java:1804)
	at java.base/java.util.concurrent.CompletableFuture$AsyncRun.run(CompletableFuture.java)
	at java.base/java.util.concurrent.CompletableFuture$AsyncRun.exec(CompletableFuture.java:1796)
	at java.base/java.util.concurrent.ForkJoinTask.doExec$$$capture(ForkJoinTask.java:387)
	at java.base/java.util.concurrent.ForkJoinTask.doExec(ForkJoinTask.java)
	at java.base/java.util.concurrent.ForkJoinPool$WorkQueue.topLevelExec(ForkJoinPool.java:1312)
	at java.base/java.util.concurrent.ForkJoinPool.scan(ForkJoinPool.java:1843)
	at java.base/java.util.concurrent.ForkJoinPool.runWorker(ForkJoinPool.java:1808)
	at java.base/java.util.concurrent.ForkJoinWorkerThread.run(ForkJoinWorkerThread.java:188)
2025-02-19 01:58:07.502 [ForkJoinPool-2-worker-10] ERROR Net.server.InitializeServer.lambda$initAllData$10 - [TASK] MapleUnionData.init() error:
java.lang.RuntimeException: 檔案不存在C:\Program Files\Gamania\MapleStory127\Data\Etc.nx
	at Plugin.provider.MapleDataProviderFactory.getWZ(MapleDataProviderFactory.java:50)
	at Plugin.provider.MapleDataProviderFactory.getEtc(MapleDataProviderFactory.java:113)
	at Net.server.MapleUnionData.init(MapleUnionData.java:91)
	at Net.server.InitializeServer.lambda$initAllData$10(InitializeServer.java:299)
	at java.base/java.util.concurrent.CompletableFuture$AsyncRun.run$$$capture(CompletableFuture.java:1804)
	at java.base/java.util.concurrent.CompletableFuture$AsyncRun.run(CompletableFuture.java)
	at java.base/java.util.concurrent.CompletableFuture$AsyncRun.exec(CompletableFuture.java:1796)
	at java.base/java.util.concurrent.ForkJoinTask.doExec$$$capture(ForkJoinTask.java:387)
	at java.base/java.util.concurrent.ForkJoinTask.doExec(ForkJoinTask.java)
	at java.base/java.util.concurrent.ForkJoinPool$WorkQueue.topLevelExec(ForkJoinPool.java:1312)
	at java.base/java.util.concurrent.ForkJoinPool.scan(ForkJoinPool.java:1843)
	at java.base/java.util.concurrent.ForkJoinPool.runWorker(ForkJoinPool.java:1808)
	at java.base/java.util.concurrent.ForkJoinWorkerThread.run(ForkJoinWorkerThread.java:188)
2025-02-19 01:58:07.693 [ForkJoinPool-2-worker-11] INFO  Net.NetRun.lambda$main$0 - [初始化伺服器] 已加載 15 / 23
2025-02-19 01:58:07.692 [ForkJoinPool-2-worker-1] INFO  Net.NetRun.lambda$main$0 - [初始化伺服器] 已加載 13 / 23
2025-02-19 01:58:07.693 [ForkJoinPool-2-worker-12] INFO  Net.NetRun.lambda$main$0 - [初始化伺服器] 已加載 14 / 23
2025-02-19 01:58:07.705 [ForkJoinPool-2-worker-10] ERROR Net.server.InitializeServer.lambda$initAllData$20 - [TASK] BossLucidField.init() error:
java.lang.RuntimeException: 檔案不存在C:\Program Files\Gamania\MapleStory127\Data\Etc.nx
	at Plugin.provider.MapleDataProviderFactory.getWZ(MapleDataProviderFactory.java:50)
	at Plugin.provider.MapleDataProviderFactory.getEtc(MapleDataProviderFactory.java:113)
	at Net.server.maps.field.BossLucidField.init(BossLucidField.java:27)
	at Net.server.InitializeServer.lambda$initAllData$20(InitializeServer.java:409)
	at java.base/java.util.concurrent.CompletableFuture$AsyncRun.run$$$capture(CompletableFuture.java:1804)
	at java.base/java.util.concurrent.CompletableFuture$AsyncRun.run(CompletableFuture.java)
	at java.base/java.util.concurrent.CompletableFuture$AsyncRun.exec(CompletableFuture.java:1796)
	at java.base/java.util.concurrent.ForkJoinTask.doExec$$$capture(ForkJoinTask.java:387)
	at java.base/java.util.concurrent.ForkJoinTask.doExec(ForkJoinTask.java)
	at java.base/java.util.concurrent.ForkJoinPool$WorkQueue.topLevelExec(ForkJoinPool.java:1312)
	at java.base/java.util.concurrent.ForkJoinPool.scan(ForkJoinPool.java:1843)
	at java.base/java.util.concurrent.ForkJoinPool.runWorker(ForkJoinPool.java:1808)
	at java.base/java.util.concurrent.ForkJoinWorkerThread.run(ForkJoinWorkerThread.java:188)
2025-02-19 01:58:07.705 [ForkJoinPool-2-worker-6] ERROR Net.server.InitializeServer.lambda$initAllData$21 - [TASK] ActionBarField.init() error:
java.lang.RuntimeException: 檔案不存在C:\Program Files\Gamania\MapleStory127\Data\Etc.nx
	at Plugin.provider.MapleDataProviderFactory.getWZ(MapleDataProviderFactory.java:50)
	at Plugin.provider.MapleDataProviderFactory.getEtc(MapleDataProviderFactory.java:113)
	at Net.server.maps.field.ActionBarField.init(ActionBarField.java:18)
	at Net.server.InitializeServer.lambda$initAllData$21(InitializeServer.java:420)
	at java.base/java.util.concurrent.CompletableFuture$AsyncRun.run$$$capture(CompletableFuture.java:1804)
	at java.base/java.util.concurrent.CompletableFuture$AsyncRun.run(CompletableFuture.java)
	at java.base/java.util.concurrent.CompletableFuture$AsyncRun.exec(CompletableFuture.java:1796)
	at java.base/java.util.concurrent.ForkJoinTask.doExec$$$capture(ForkJoinTask.java:387)
	at java.base/java.util.concurrent.ForkJoinTask.doExec(ForkJoinTask.java)
	at java.base/java.util.concurrent.ForkJoinPool$WorkQueue.topLevelExec(ForkJoinPool.java:1312)
	at java.base/java.util.concurrent.ForkJoinPool.scan(ForkJoinPool.java:1843)
	at java.base/java.util.concurrent.ForkJoinPool.runWorker(ForkJoinPool.java:1808)
	at java.base/java.util.concurrent.ForkJoinWorkerThread.run(ForkJoinWorkerThread.java:188)
2025-02-19 01:58:07.705 [ForkJoinPool-2-worker-19] ERROR Net.server.InitializeServer.lambda$initAllData$19 - [TASK] BossWillField.init() error:
java.lang.RuntimeException: 檔案不存在C:\Program Files\Gamania\MapleStory127\Data\Etc.nx
	at Plugin.provider.MapleDataProviderFactory.getWZ(MapleDataProviderFactory.java:50)
	at Plugin.provider.MapleDataProviderFactory.getEtc(MapleDataProviderFactory.java:113)
	at Net.server.maps.field.BossWillField.init(BossWillField.java:33)
	at Net.server.InitializeServer.lambda$initAllData$19(InitializeServer.java:398)
	at java.base/java.util.concurrent.CompletableFuture$AsyncRun.run$$$capture(CompletableFuture.java:1804)
	at java.base/java.util.concurrent.CompletableFuture$AsyncRun.run(CompletableFuture.java)
	at java.base/java.util.concurrent.CompletableFuture$AsyncRun.exec(CompletableFuture.java:1796)
	at java.base/java.util.concurrent.ForkJoinTask.doExec$$$capture(ForkJoinTask.java:387)
	at java.base/java.util.concurrent.ForkJoinTask.doExec(ForkJoinTask.java)
	at java.base/java.util.concurrent.ForkJoinPool$WorkQueue.topLevelExec(ForkJoinPool.java:1312)
	at java.base/java.util.concurrent.ForkJoinPool.scan(ForkJoinPool.java:1843)
	at java.base/java.util.concurrent.ForkJoinPool.runWorker(ForkJoinPool.java:1808)
	at java.base/java.util.concurrent.ForkJoinWorkerThread.run(ForkJoinWorkerThread.java:188)
2025-02-19 01:58:07.705 [ForkJoinPool-2-worker-10] INFO  Net.NetRun.lambda$main$0 - [初始化伺服器] 已加載 16 / 23
2025-02-19 01:58:07.705 [ForkJoinPool-2-worker-19] INFO  Net.NetRun.lambda$main$0 - [初始化伺服器] 已加載 18 / 23
2025-02-19 01:58:07.705 [ForkJoinPool-2-worker-6] INFO  Net.NetRun.lambda$main$0 - [初始化伺服器] 已加載 17 / 23
2025-02-19 01:58:07.709 [ForkJoinPool-2-worker-16] INFO  Net.NetRun.lambda$main$0 - [初始化伺服器] 已加載 19 / 23
2025-02-19 01:58:07.815 [ForkJoinPool.commonPool-worker-4] INFO  Server.cashshop.CashShopServer.run_startup_configurations - [CASH SHOP] Start CashShopServer。
2025-02-19 01:58:07.961 [ForkJoinPool-2-worker-18] INFO  Net.NetRun.lambda$main$0 - [初始化伺服器] 已加載 20 / 23
2025-02-19 01:58:07.975 [ForkJoinPool-2-worker-9] INFO  Net.NetRun.lambda$main$0 - [初始化伺服器] 已加載 21 / 23
2025-02-19 01:58:08.039 [ForkJoinPool-2-worker-2] INFO  Plugin.provider.loaders.StringData.loadItemStrings - Loaded item strings from data file in 558ms.
2025-02-19 01:58:08.143 [ForkJoinPool-2-worker-2] INFO  Plugin.provider.loaders.StringData.loadSkillStrings - Loaded skill strings from data file in 104ms.
2025-02-19 01:58:08.183 [ForkJoinPool-2-worker-2] INFO  Plugin.provider.loaders.StringData.loadMobStrings - Loaded mob strings from data file in 40ms.
2025-02-19 01:58:08.233 [ForkJoinPool-2-worker-2] INFO  Plugin.provider.loaders.StringData.loadNpcStrings - Loaded npc strings from data file in 50ms.
2025-02-19 01:58:08.310 [ForkJoinPool-2-worker-2] INFO  Plugin.provider.loaders.StringData.loadMapStrings - Loaded item strings from data file in 77ms.
2025-02-19 01:58:08.310 [ForkJoinPool-2-worker-2] INFO  Net.NetRun.lambda$main$0 - [初始化伺服器] 已加載 22 / 23
2025-02-19 01:58:08.326 [ForkJoinPool-2-worker-15] INFO  Net.NetRun.lambda$main$0 - [初始化伺服器] 已加載 23 / 23
2025-02-19 01:58:08.326 [ForkJoinPool-2-worker-15] INFO  Net.NetRun.lambda$main$0 - [初始化伺服器] initAllData() 所有任務已完成。
2025-02-19 01:58:08.326 [ForkJoinPool-2-worker-15] ERROR Net.server.InitializeServer.lambda$initAllData$24 - One or more tasks completed exceptionally: 
java.util.concurrent.CompletionException: java.lang.NoClassDefFoundError: Could not initialize class Net.server.MapleItemInformationProvider
	at java.base/java.util.concurrent.CompletableFuture.encodeThrowable(CompletableFuture.java:315)
	at java.base/java.util.concurrent.CompletableFuture.completeThrowable(CompletableFuture.java:320)
	at java.base/java.util.concurrent.CompletableFuture$AsyncRun.run$$$capture(CompletableFuture.java:1807)
	at java.base/java.util.concurrent.CompletableFuture$AsyncRun.run(CompletableFuture.java)
	at java.base/java.util.concurrent.CompletableFuture$AsyncRun.exec(CompletableFuture.java:1796)
	at java.base/java.util.concurrent.ForkJoinTask.doExec$$$capture(ForkJoinTask.java:387)
	at java.base/java.util.concurrent.ForkJoinTask.doExec(ForkJoinTask.java)
	at java.base/java.util.concurrent.ForkJoinPool$WorkQueue.topLevelExec(ForkJoinPool.java:1312)
	at java.base/java.util.concurrent.ForkJoinPool.scan(ForkJoinPool.java:1843)
	at java.base/java.util.concurrent.ForkJoinPool.runWorker(ForkJoinPool.java:1808)
	at java.base/java.util.concurrent.ForkJoinWorkerThread.run(ForkJoinWorkerThread.java:188)
Caused by: java.lang.NoClassDefFoundError: Could not initialize class Net.server.MapleItemInformationProvider
	at Net.server.InitializeServer.lambda$initAllData$1(InitializeServer.java:200)
	at java.base/java.util.concurrent.CompletableFuture$AsyncRun.run$$$capture(CompletableFuture.java:1804)
	... 8 common frames omitted
Caused by: java.lang.ExceptionInInitializerError: Exception java.lang.RuntimeException: 檔案不存在C:\Program Files\Gamania\MapleStory127\Data\Character.nx [in thread "ForkJoinPool-2-worker-7"]
	at Plugin.provider.MapleDataProviderFactory.getWZ(MapleDataProviderFactory.java:50)
	at Plugin.provider.MapleDataProviderFactory.getCharacter(MapleDataProviderFactory.java:101)
	at Net.server.MapleItemInformationProvider.<init>(MapleItemInformationProvider.java:36)
	at Net.server.MapleItemInformationProvider.<clinit>(MapleItemInformationProvider.java:35)
	at Net.server.InitializeServer.lambda$initAllData$7(InitializeServer.java:266)
	... 9 common frames omitted
