2025-02-19 01:57:48.724 [ForkJoinPool-2-worker-9] ERROR Database.domain - 資料庫異常
java.lang.RuntimeException: 檔案不存在C:\Program Files\Gamania\MapleStory127\Data\Skill.nx
	at Plugin.provider.MapleDataProviderFactory.getWZ(MapleDataProviderFactory.java:50)
	at Plugin.provider.MapleDataProviderFactory.getSkill(MapleDataProviderFactory.java:105)
	at Net.server.life.MobSkillFactory.lambda$initialize$2(MobSkillFactory.java:210)
	at Database.DatabaseLoader$DatabaseConnection.domain(DatabaseLoader.java:177)
	at Database.DatabaseLoader$DatabaseConnection.domain(DatabaseLoader.java:167)
	at Net.server.life.MobSkillFactory.initialize(MobSkillFactory.java:28)
	at Net.server.InitializeServer.lambda$initAllData$9(InitializeServer.java:288)
	at java.base/java.util.concurrent.CompletableFuture$AsyncRun.run(CompletableFuture.java:1804)
	at java.base/java.util.concurrent.CompletableFuture$AsyncRun.exec(CompletableFuture.java:1796)
	at java.base/java.util.concurrent.ForkJoinTask.doExec(ForkJoinTask.java:387)
	at java.base/java.util.concurrent.ForkJoinPool$WorkQueue.topLevelExec(ForkJoinPool.java:1312)
	at java.base/java.util.concurrent.ForkJoinPool.scan(ForkJoinPool.java:1843)
	at java.base/java.util.concurrent.ForkJoinPool.runWorker(ForkJoinPool.java:1808)
	at java.base/java.util.concurrent.ForkJoinWorkerThread.run(ForkJoinWorkerThread.java:188)
2025-02-19 01:58:07.975 [ForkJoinPool-2-worker-9] ERROR Database.domain - 資料庫異常
java.lang.RuntimeException: 檔案不存在C:\Program Files\Gamania\MapleStory127\Data\Skill.nx
	at Plugin.provider.MapleDataProviderFactory.getWZ(MapleDataProviderFactory.java:50)
	at Plugin.provider.MapleDataProviderFactory.getSkill(MapleDataProviderFactory.java:105)
	at Net.server.life.MobSkillFactory.lambda$initialize$2(MobSkillFactory.java:210)
	at Database.DatabaseLoader$DatabaseConnection.domain(DatabaseLoader.java:177)
	at Database.DatabaseLoader$DatabaseConnection.domain(DatabaseLoader.java:167)
	at Net.server.life.MobSkillFactory.initialize(MobSkillFactory.java:28)
	at Net.server.InitializeServer.lambda$initAllData$9(InitializeServer.java:288)
	at java.base/java.util.concurrent.CompletableFuture$AsyncRun.run$$$capture(CompletableFuture.java:1804)
	at java.base/java.util.concurrent.CompletableFuture$AsyncRun.run(CompletableFuture.java)
	at java.base/java.util.concurrent.CompletableFuture$AsyncRun.exec(CompletableFuture.java:1796)
	at java.base/java.util.concurrent.ForkJoinTask.doExec$$$capture(ForkJoinTask.java:387)
	at java.base/java.util.concurrent.ForkJoinTask.doExec(ForkJoinTask.java)
	at java.base/java.util.concurrent.ForkJoinPool$WorkQueue.topLevelExec(ForkJoinPool.java:1312)
	at java.base/java.util.concurrent.ForkJoinPool.scan(ForkJoinPool.java:1843)
	at java.base/java.util.concurrent.ForkJoinPool.runWorker(ForkJoinPool.java:1808)
	at java.base/java.util.concurrent.ForkJoinWorkerThread.run(ForkJoinWorkerThread.java:188)
