2025-06-29 11:38:03.989 [ForkJoinPool-3-worker-19] ERROR MapleMap.init - [BossWillField] wz/Etc.wz/BossWill.img/Beholder is not found.
java.lang.NullPointerException: Cannot invoke "Plugin.provider.MapleData.getChildByPath(String)" because the return value of "Plugin.provider.MapleDataProvider.getData(String)" is null
	at Net.server.maps.field.BossWillField.init(BossWillField.java:33)
	at Net.server.InitializeServer.lambda$initAllData$19(InitializeServer.java:398)
	at java.base/java.util.concurrent.CompletableFuture$AsyncRun.run(CompletableFuture.java:1804)
	at java.base/java.util.concurrent.CompletableFuture$AsyncRun.exec(CompletableFuture.java:1796)
	at java.base/java.util.concurrent.ForkJoinTask.doExec(ForkJoinTask.java:387)
	at java.base/java.util.concurrent.ForkJoinPool$WorkQueue.topLevelExec(ForkJoinPool.java:1310)
	at java.base/java.util.concurrent.ForkJoinPool.scan(ForkJoinPool.java:1841)
	at java.base/java.util.concurrent.ForkJoinPool.runWorker(ForkJoinPool.java:1806)
	at java.base/java.util.concurrent.ForkJoinWorkerThread.run(ForkJoinWorkerThread.java:188)
2025-06-29 11:38:03.989 [ForkJoinPool-3-worker-20] ERROR MapleMap.init - [BossLucidField] wz/Etc.wz/BossLucid.img/Butterfly is not found.
java.lang.NullPointerException: Cannot invoke "Plugin.provider.MapleData.getChildByPath(String)" because the return value of "Plugin.provider.MapleDataProvider.getData(String)" is null
	at Net.server.maps.field.BossLucidField.init(BossLucidField.java:27)
	at Net.server.InitializeServer.lambda$initAllData$20(InitializeServer.java:409)
	at java.base/java.util.concurrent.CompletableFuture$AsyncRun.run(CompletableFuture.java:1804)
	at java.base/java.util.concurrent.CompletableFuture$AsyncRun.exec(CompletableFuture.java:1796)
	at java.base/java.util.concurrent.ForkJoinTask.doExec(ForkJoinTask.java:387)
	at java.base/java.util.concurrent.ForkJoinPool$WorkQueue.topLevelExec(ForkJoinPool.java:1310)
	at java.base/java.util.concurrent.ForkJoinPool.scan(ForkJoinPool.java:1841)
	at java.base/java.util.concurrent.ForkJoinPool.runWorker(ForkJoinPool.java:1806)
	at java.base/java.util.concurrent.ForkJoinWorkerThread.run(ForkJoinWorkerThread.java:188)
